{"/Users/seanpark/Documents/IDXPropertySearch/frontend/src/api/client.js": {"path":"/Users/seanpark/Documents/IDXPropertySearch/frontend/src/api/client.js","statementMap":{"0":{"start":{"line":1,"column":17},"end":{"line":1,"column":23}},"1":{"start":{"line":5,"column":2},"end":{"line":13,"column":3}},"2":{"start":{"line":6,"column":4},"end":{"line":9,"column":7}},"3":{"start":{"line":12,"column":4},"end":{"line":12,"column":125}},"4":{"start":{"line":15,"column":15},"end":{"line":15,"column":36}},"5":{"start":{"line":17,"column":13},"end":{"line":17,"column":17}},"6":{"start":{"line":18,"column":2},"end":{"line":25,"column":3}},"7":{"start":{"line":19,"column":4},"end":{"line":24,"column":5}},"8":{"start":{"line":20,"column":6},"end":{"line":20,"column":30}},"9":{"start":{"line":23,"column":6},"end":{"line":23,"column":18}},"10":{"start":{"line":27,"column":2},"end":{"line":32,"column":3}},"11":{"start":{"line":28,"column":20},"end":{"line":28,"column":99}},"12":{"start":{"line":29,"column":18},"end":{"line":29,"column":36}},"13":{"start":{"line":30,"column":4},"end":{"line":30,"column":35}},"14":{"start":{"line":31,"column":4},"end":{"line":31,"column":16}},"15":{"start":{"line":34,"column":2},"end":{"line":34,"column":14}},"16":{"start":{"line":38,"column":24},"end":{"line":45,"column":3}},"17":{"start":{"line":41,"column":8},"end":{"line":43,"column":27}},"18":{"start":{"line":47,"column":16},"end":{"line":47,"column":61}},"19":{"start":{"line":49,"column":2},"end":{"line":49,"column":59}},"20":{"start":{"line":53,"column":2},"end":{"line":53,"column":38}},"21":{"start":{"line":57,"column":2},"end":{"line":57,"column":49}}},"fnMap":{"0":{"name":"request","decl":{"start":{"line":3,"column":15},"end":{"line":3,"column":22}},"loc":{"start":{"line":3,"column":47},"end":{"line":35,"column":1}},"line":3},"1":{"name":"fetchProperties","decl":{"start":{"line":37,"column":16},"end":{"line":37,"column":31}},"loc":{"start":{"line":37,"column":45},"end":{"line":50,"column":1}},"line":37},"2":{"name":"(anonymous_2)","decl":{"start":{"line":40,"column":6},"end":{"line":40,"column":7}},"loc":{"start":{"line":41,"column":8},"end":{"line":43,"column":27}},"line":41},"3":{"name":"fetchPropertyDetail","decl":{"start":{"line":52,"column":16},"end":{"line":52,"column":35}},"loc":{"start":{"line":52,"column":40},"end":{"line":54,"column":1}},"line":52},"4":{"name":"fetchPropertyOpenHouses","decl":{"start":{"line":56,"column":16},"end":{"line":56,"column":39}},"loc":{"start":{"line":56,"column":44},"end":{"line":58,"column":1}},"line":56}},"branchMap":{"0":{"loc":{"start":{"line":3,"column":33},"end":{"line":3,"column":45}},"type":"default-arg","locations":[{"start":{"line":3,"column":43},"end":{"line":3,"column":45}}],"line":3},"1":{"loc":{"start":{"line":18,"column":2},"end":{"line":25,"column":3}},"type":"if","locations":[{"start":{"line":18,"column":2},"end":{"line":25,"column":3}},{"start":{},"end":{}}],"line":18},"2":{"loc":{"start":{"line":27,"column":2},"end":{"line":32,"column":3}},"type":"if","locations":[{"start":{"line":27,"column":2},"end":{"line":32,"column":3}},{"start":{},"end":{}}],"line":27},"3":{"loc":{"start":{"line":28,"column":20},"end":{"line":28,"column":99}},"type":"binary-expr","locations":[{"start":{"line":28,"column":20},"end":{"line":28,"column":33}},{"start":{"line":28,"column":37},"end":{"line":28,"column":48}},{"start":{"line":28,"column":52},"end":{"line":28,"column":99}}],"line":28},"4":{"loc":{"start":{"line":37,"column":32},"end":{"line":37,"column":43}},"type":"default-arg","locations":[{"start":{"line":37,"column":41},"end":{"line":37,"column":43}}],"line":37},"5":{"loc":{"start":{"line":41,"column":8},"end":{"line":43,"column":27}},"type":"binary-expr","locations":[{"start":{"line":41,"column":8},"end":{"line":41,"column":20}},{"start":{"line":42,"column":8},"end":{"line":42,"column":22}},{"start":{"line":43,"column":8},"end":{"line":43,"column":27}}],"line":41},"6":{"loc":{"start":{"line":49,"column":31},"end":{"line":49,"column":55}},"type":"cond-expr","locations":[{"start":{"line":49,"column":39},"end":{"line":49,"column":50}},{"start":{"line":49,"column":53},"end":{"line":49,"column":55}}],"line":49}},"s":{"0":1,"1":3,"2":3,"3":0,"4":3,"5":3,"6":3,"7":3,"8":3,"9":0,"10":3,"11":1,"12":1,"13":1,"14":1,"15":2,"16":3,"17":6,"18":3,"19":3,"20":0,"21":0},"f":{"0":3,"1":3,"2":6,"3":0,"4":0},"b":{"0":[3],"1":[3,0],"2":[1,2],"3":[1,0,0],"4":[2],"5":[6,4,3],"6":[1,2]},"_coverageSchema":"1a1c01bbd47fc00a2c39e90264f33305004495a9","hash":"b1ee07477b0c6bc31e9e7ee3dfcc9b8ba6279bda"}
,"/Users/seanpark/Documents/IDXPropertySearch/frontend/src/components/Pagination/Pagination.jsx": {"path":"/Users/seanpark/Documents/IDXPropertySearch/frontend/src/components/Pagination/Pagination.jsx","statementMap":{"0":{"start":{"line":7,"column":4},"end":{"line":40,"column":5}},"1":{"start":{"line":9,"column":8},"end":{"line":12,"column":10}},"2":{"start":{"line":11,"column":26},"end":{"line":11,"column":35}},"3":{"start":{"line":13,"column":11},"end":{"line":40,"column":5}},"4":{"start":{"line":15,"column":8},"end":{"line":15,"column":57}},"5":{"start":{"line":16,"column":11},"end":{"line":40,"column":5}},"6":{"start":{"line":18,"column":8},"end":{"line":26,"column":10}},"7":{"start":{"line":29,"column":8},"end":{"line":39,"column":10}},"8":{"start":{"line":42,"column":4},"end":{"line":78,"column":6}},"9":{"start":{"line":46,"column":31},"end":{"line":46,"column":60}},"10":{"start":{"line":54,"column":12},"end":{"line":56,"column":13}},"11":{"start":{"line":55,"column":16},"end":{"line":55,"column":98}},"12":{"start":{"line":58,"column":12},"end":{"line":67,"column":18}},"13":{"start":{"line":61,"column":35},"end":{"line":61,"column":55}},"14":{"start":{"line":72,"column":31},"end":{"line":72,"column":60}}},"fnMap":{"0":{"name":"Pagination","decl":{"start":{"line":3,"column":9},"end":{"line":3,"column":19}},"loc":{"start":{"line":3,"column":63},"end":{"line":79,"column":1}},"line":3},"1":{"name":"(anonymous_1)","decl":{"start":{"line":11,"column":12},"end":{"line":11,"column":13}},"loc":{"start":{"line":11,"column":26},"end":{"line":11,"column":35}},"line":11},"2":{"name":"(anonymous_2)","decl":{"start":{"line":46,"column":25},"end":{"line":46,"column":26}},"loc":{"start":{"line":46,"column":31},"end":{"line":46,"column":60}},"line":46},"3":{"name":"(anonymous_3)","decl":{"start":{"line":53,"column":29},"end":{"line":53,"column":30}},"loc":{"start":{"line":53,"column":48},"end":{"line":68,"column":13}},"line":53},"4":{"name":"(anonymous_4)","decl":{"start":{"line":61,"column":29},"end":{"line":61,"column":30}},"loc":{"start":{"line":61,"column":35},"end":{"line":61,"column":55}},"line":61},"5":{"name":"(anonymous_5)","decl":{"start":{"line":72,"column":25},"end":{"line":72,"column":26}},"loc":{"start":{"line":72,"column":31},"end":{"line":72,"column":60}},"line":72}},"branchMap":{"0":{"loc":{"start":{"line":7,"column":4},"end":{"line":40,"column":5}},"type":"if","locations":[{"start":{"line":7,"column":4},"end":{"line":40,"column":5}},{"start":{"line":13,"column":11},"end":{"line":40,"column":5}}],"line":7},"1":{"loc":{"start":{"line":13,"column":11},"end":{"line":40,"column":5}},"type":"if","locations":[{"start":{"line":13,"column":11},"end":{"line":40,"column":5}},{"start":{"line":16,"column":11},"end":{"line":40,"column":5}}],"line":13},"2":{"loc":{"start":{"line":16,"column":11},"end":{"line":40,"column":5}},"type":"if","locations":[{"start":{"line":16,"column":11},"end":{"line":40,"column":5}},{"start":{"line":27,"column":11},"end":{"line":40,"column":5}}],"line":16},"3":{"loc":{"start":{"line":54,"column":12},"end":{"line":56,"column":13}},"type":"if","locations":[{"start":{"line":54,"column":12},"end":{"line":56,"column":13}},{"start":{},"end":{}}],"line":54},"4":{"loc":{"start":{"line":62,"column":31},"end":{"line":62,"column":75}},"type":"cond-expr","locations":[{"start":{"line":62,"column":56},"end":{"line":62,"column":70}},{"start":{"line":62,"column":73},"end":{"line":62,"column":75}}],"line":62}},"s":{"0":8,"1":1,"2":5,"3":7,"4":2,"5":5,"6":2,"7":3,"8":8,"9":1,"10":60,"11":10,"12":50,"13":1,"14":1},"f":{"0":8,"1":5,"2":1,"3":60,"4":1,"5":1},"b":{"0":[1,7],"1":[2,5],"2":[2,3],"3":[10,50],"4":[8,42]},"_coverageSchema":"1a1c01bbd47fc00a2c39e90264f33305004495a9","hash":"d60a87b7528903cecff0c4703cdcd70adeb7abae"}
,"/Users/seanpark/Documents/IDXPropertySearch/frontend/src/components/PropertyCard/PropertyCard.jsx": {"path":"/Users/seanpark/Documents/IDXPropertySearch/frontend/src/components/PropertyCard/PropertyCard.jsx","statementMap":{"0":{"start":{"line":7,"column":17},"end":{"line":7,"column":47}},"1":{"start":{"line":9,"column":2},"end":{"line":30,"column":4}},"2":{"start":{"line":33,"column":0},"end":{"line":60,"column":2}}},"fnMap":{"0":{"name":"PropertyCard","decl":{"start":{"line":6,"column":9},"end":{"line":6,"column":21}},"loc":{"start":{"line":6,"column":36},"end":{"line":31,"column":1}},"line":6}},"branchMap":{"0":{"loc":{"start":{"line":15,"column":12},"end":{"line":15,"column":92}},"type":"cond-expr","locations":[{"start":{"line":15,"column":37},"end":{"line":15,"column":84}},{"start":{"line":15,"column":87},"end":{"line":15,"column":92}}],"line":15}},"s":{"0":2,"1":2,"2":1},"f":{"0":2},"b":{"0":[1,1]},"_coverageSchema":"1a1c01bbd47fc00a2c39e90264f33305004495a9","hash":"19fdae8681b4c6f516bfbe6217a9bfe8231ced39"}
,"/Users/seanpark/Documents/IDXPropertySearch/frontend/src/components/PropertyFilters/PropertyFilters.jsx": {"path":"/Users/seanpark/Documents/IDXPropertySearch/frontend/src/components/PropertyFilters/PropertyFilters.jsx","statementMap":{"0":{"start":{"line":4,"column":19},"end":{"line":4,"column":40}},"1":{"start":{"line":5,"column":20},"end":{"line":5,"column":41}},"2":{"start":{"line":7,"column":23},"end":{"line":14,"column":1}},"3":{"start":{"line":17,"column":32},"end":{"line":17,"column":56}},"4":{"start":{"line":20,"column":28},"end":{"line":20,"column":40}},"5":{"start":{"line":22,"column":4},"end":{"line":25,"column":8}},"6":{"start":{"line":22,"column":37},"end":{"line":25,"column":5}},"7":{"start":{"line":29,"column":4},"end":{"line":29,"column":27}},"8":{"start":{"line":30,"column":4},"end":{"line":30,"column":21}},"9":{"start":{"line":34,"column":25},"end":{"line":34,"column":46}},"10":{"start":{"line":36,"column":2},"end":{"line":36,"column":29}},"11":{"start":{"line":37,"column":2},"end":{"line":37,"column":26}},"12":{"start":{"line":40,"column":2},"end":{"line":138,"column":4}},"13":{"start":{"line":105,"column":12},"end":{"line":107,"column":21}},"14":{"start":{"line":123,"column":12},"end":{"line":125,"column":21}}},"fnMap":{"0":{"name":"PropertyFilters","decl":{"start":{"line":16,"column":9},"end":{"line":16,"column":24}},"loc":{"start":{"line":16,"column":38},"end":{"line":139,"column":1}},"line":16},"1":{"name":"handleChange","decl":{"start":{"line":19,"column":11},"end":{"line":19,"column":23}},"loc":{"start":{"line":19,"column":31},"end":{"line":26,"column":3}},"line":19},"2":{"name":"(anonymous_2)","decl":{"start":{"line":22,"column":15},"end":{"line":22,"column":16}},"loc":{"start":{"line":22,"column":37},"end":{"line":25,"column":5}},"line":22},"3":{"name":"handleSubmit","decl":{"start":{"line":28,"column":11},"end":{"line":28,"column":23}},"loc":{"start":{"line":28,"column":31},"end":{"line":31,"column":3}},"line":28},"4":{"name":"handleClear","decl":{"start":{"line":33,"column":9},"end":{"line":33,"column":20}},"loc":{"start":{"line":33,"column":23},"end":{"line":38,"column":1}},"line":33},"5":{"name":"(anonymous_5)","decl":{"start":{"line":104,"column":26},"end":{"line":104,"column":27}},"loc":{"start":{"line":105,"column":12},"end":{"line":107,"column":21}},"line":105},"6":{"name":"(anonymous_6)","decl":{"start":{"line":122,"column":27},"end":{"line":122,"column":28}},"loc":{"start":{"line":123,"column":12},"end":{"line":125,"column":21}},"line":123}},"branchMap":{"0":{"loc":{"start":{"line":106,"column":21},"end":{"line":106,"column":47}},"type":"cond-expr","locations":[{"start":{"line":106,"column":33},"end":{"line":106,"column":38}},{"start":{"line":106,"column":41},"end":{"line":106,"column":47}}],"line":106},"1":{"loc":{"start":{"line":124,"column":22},"end":{"line":124,"column":51}},"type":"cond-expr","locations":[{"start":{"line":124,"column":35},"end":{"line":124,"column":41}},{"start":{"line":124,"column":44},"end":{"line":124,"column":51}}],"line":124}},"s":{"0":1,"1":1,"2":1,"3":56,"4":52,"5":52,"6":52,"7":1,"8":1,"9":1,"10":1,"11":1,"12":56,"13":392,"14":392},"f":{"0":56,"1":52,"2":52,"3":1,"4":1,"5":392,"6":392},"b":{"0":[56,336],"1":[56,336]},"_coverageSchema":"1a1c01bbd47fc00a2c39e90264f33305004495a9","hash":"40b3e8f9779e340722b26b5d9940779538800df8"}
,"/Users/seanpark/Documents/IDXPropertySearch/frontend/src/components/PropertyImageCarousel/PropertyImageCarousel.jsx": {"path":"/Users/seanpark/Documents/IDXPropertySearch/frontend/src/components/PropertyImageCarousel/PropertyImageCarousel.jsx","statementMap":{"0":{"start":{"line":4,"column":30},"end":{"line":69,"column":1}},"1":{"start":{"line":5,"column":42},"end":{"line":5,"column":53}},"2":{"start":{"line":7,"column":20},"end":{"line":7,"column":62}},"3":{"start":{"line":8,"column":28},"end":{"line":8,"column":58}},"4":{"start":{"line":10,"column":20},"end":{"line":17,"column":3}},"5":{"start":{"line":11,"column":4},"end":{"line":11,"column":27}},"6":{"start":{"line":12,"column":4},"end":{"line":12,"column":28}},"7":{"start":{"line":14,"column":25},"end":{"line":14,"column":43}},"8":{"start":{"line":15,"column":21},"end":{"line":15,"column":72}},"9":{"start":{"line":16,"column":4},"end":{"line":16,"column":30}},"10":{"start":{"line":19,"column":20},"end":{"line":26,"column":3}},"11":{"start":{"line":20,"column":4},"end":{"line":20,"column":27}},"12":{"start":{"line":21,"column":4},"end":{"line":21,"column":28}},"13":{"start":{"line":23,"column":24},"end":{"line":23,"column":58}},"14":{"start":{"line":24,"column":21},"end":{"line":24,"column":55}},"15":{"start":{"line":25,"column":4},"end":{"line":25,"column":30}},"16":{"start":{"line":28,"column":19},"end":{"line":28,"column":72}},"17":{"start":{"line":30,"column":2},"end":{"line":68,"column":4}},"18":{"start":{"line":38,"column":10},"end":{"line":38,"column":45}},"19":{"start":{"line":39,"column":10},"end":{"line":39,"column":55}}},"fnMap":{"0":{"name":"(anonymous_0)","decl":{"start":{"line":4,"column":30},"end":{"line":4,"column":31}},"loc":{"start":{"line":4,"column":46},"end":{"line":69,"column":1}},"line":4},"1":{"name":"(anonymous_1)","decl":{"start":{"line":10,"column":20},"end":{"line":10,"column":21}},"loc":{"start":{"line":10,"column":31},"end":{"line":17,"column":3}},"line":10},"2":{"name":"(anonymous_2)","decl":{"start":{"line":19,"column":20},"end":{"line":19,"column":21}},"loc":{"start":{"line":19,"column":31},"end":{"line":26,"column":3}},"line":19},"3":{"name":"(anonymous_3)","decl":{"start":{"line":37,"column":17},"end":{"line":37,"column":18}},"loc":{"start":{"line":37,"column":28},"end":{"line":40,"column":9}},"line":37}},"branchMap":{"0":{"loc":{"start":{"line":7,"column":20},"end":{"line":7,"column":62}},"type":"binary-expr","locations":[{"start":{"line":7,"column":20},"end":{"line":7,"column":41}},{"start":{"line":7,"column":45},"end":{"line":7,"column":62}}],"line":7},"1":{"loc":{"start":{"line":8,"column":28},"end":{"line":8,"column":58}},"type":"binary-expr","locations":[{"start":{"line":8,"column":28},"end":{"line":8,"column":37}},{"start":{"line":8,"column":41},"end":{"line":8,"column":58}}],"line":8},"2":{"loc":{"start":{"line":15,"column":21},"end":{"line":15,"column":72}},"type":"cond-expr","locations":[{"start":{"line":15,"column":36},"end":{"line":15,"column":53}},{"start":{"line":15,"column":56},"end":{"line":15,"column":72}}],"line":15},"3":{"loc":{"start":{"line":24,"column":21},"end":{"line":24,"column":55}},"type":"cond-expr","locations":[{"start":{"line":24,"column":35},"end":{"line":24,"column":36}},{"start":{"line":24,"column":39},"end":{"line":24,"column":55}}],"line":24},"4":{"loc":{"start":{"line":28,"column":19},"end":{"line":28,"column":72}},"type":"cond-expr","locations":[{"start":{"line":28,"column":31},"end":{"line":28,"column":51}},{"start":{"line":28,"column":54},"end":{"line":28,"column":72}}],"line":28},"5":{"loc":{"start":{"line":43,"column":7},"end":{"line":65,"column":7}},"type":"binary-expr","locations":[{"start":{"line":43,"column":7},"end":{"line":43,"column":24}},{"start":{"line":44,"column":8},"end":{"line":64,"column":11}}],"line":43}},"s":{"0":1,"1":2,"2":2,"3":2,"4":2,"5":0,"6":0,"7":0,"8":0,"9":0,"10":2,"11":0,"12":0,"13":0,"14":0,"15":0,"16":2,"17":2,"18":0,"19":0},"f":{"0":2,"1":0,"2":0,"3":0},"b":{"0":[2,2],"1":[2,2],"2":[0,0],"3":[0,0],"4":[2,0],"5":[2,2]},"_coverageSchema":"1a1c01bbd47fc00a2c39e90264f33305004495a9","hash":"d133d10034fe0c8a8561b83d9a84072b986360fd"}
,"/Users/seanpark/Documents/IDXPropertySearch/frontend/src/utils/parsePhotos.js": {"path":"/Users/seanpark/Documents/IDXPropertySearch/frontend/src/utils/parsePhotos.js","statementMap":{"0":{"start":{"line":2,"column":2},"end":{"line":4,"column":3}},"1":{"start":{"line":3,"column":4},"end":{"line":3,"column":14}},"2":{"start":{"line":6,"column":15},"end":{"line":6,"column":17}},"3":{"start":{"line":8,"column":2},"end":{"line":16,"column":3}},"4":{"start":{"line":9,"column":25},"end":{"line":9,"column":46}},"5":{"start":{"line":11,"column":4},"end":{"line":13,"column":5}},"6":{"start":{"line":12,"column":6},"end":{"line":12,"column":28}},"7":{"start":{"line":15,"column":4},"end":{"line":15,"column":61}},"8":{"start":{"line":18,"column":2},"end":{"line":18,"column":16}}},"fnMap":{"0":{"name":"parsePhotos","decl":{"start":{"line":1,"column":16},"end":{"line":1,"column":27}},"loc":{"start":{"line":1,"column":39},"end":{"line":19,"column":1}},"line":1}},"branchMap":{"0":{"loc":{"start":{"line":2,"column":2},"end":{"line":4,"column":3}},"type":"if","locations":[{"start":{"line":2,"column":2},"end":{"line":4,"column":3}},{"start":{},"end":{}}],"line":2},"1":{"loc":{"start":{"line":11,"column":4},"end":{"line":13,"column":5}},"type":"if","locations":[{"start":{"line":11,"column":4},"end":{"line":13,"column":5}},{"start":{},"end":{}}],"line":11}},"s":{"0":2,"1":0,"2":2,"3":2,"4":2,"5":2,"6":2,"7":0,"8":2},"f":{"0":2},"b":{"0":[0,2],"1":[2,0]},"_coverageSchema":"1a1c01bbd47fc00a2c39e90264f33305004495a9","hash":"829c75c9eb9da2064ce94ff1042206b83e7ee3e5"}
}
