TN:
SF:src/api/client.js
FN:3,request
FN:37,fetchProperties
FN:40,(anonymous_2)
FN:52,fetchPropertyDetail
FN:56,fetchPropertyOpenHouses
FNF:5
FNH:3
FNDA:3,request
FNDA:3,fetchProperties
FNDA:6,(anonymous_2)
FNDA:0,fetchPropertyDetail
FNDA:0,fetchPropertyOpenHouses
DA:1,1
DA:5,3
DA:6,3
DA:12,0
DA:15,3
DA:17,3
DA:18,3
DA:19,3
DA:20,3
DA:23,0
DA:27,3
DA:28,1
DA:29,1
DA:30,1
DA:31,1
DA:34,2
DA:38,3
DA:41,6
DA:47,3
DA:49,3
DA:53,0
DA:57,0
LF:22
LH:18
BRDA:3,0,0,3
BRDA:18,1,0,3
BRDA:18,1,1,0
BRDA:27,2,0,1
BRDA:27,2,1,2
BRDA:28,3,0,1
BRDA:28,3,1,0
BRDA:28,3,2,0
BRDA:37,4,0,2
BRDA:41,5,0,6
BRDA:41,5,1,4
BRDA:41,5,2,3
BRDA:49,6,0,1
BRDA:49,6,1,2
BRF:14
BRH:11
end_of_record
TN:
SF:src/components/Pagination/Pagination.jsx
FN:3,Pagination
FN:11,(anonymous_1)
FN:46,(anonymous_2)
FN:53,(anonymous_3)
FN:61,(anonymous_4)
FN:72,(anonymous_5)
FNF:6
FNH:6
FNDA:8,Pagination
FNDA:5,(anonymous_1)
FNDA:1,(anonymous_2)
FNDA:60,(anonymous_3)
FNDA:1,(anonymous_4)
FNDA:1,(anonymous_5)
DA:7,8
DA:9,1
DA:11,5
DA:13,7
DA:15,2
DA:16,5
DA:18,2
DA:29,3
DA:42,8
DA:46,1
DA:54,60
DA:55,10
DA:58,50
DA:61,1
DA:72,1
LF:15
LH:15
BRDA:7,0,0,1
BRDA:7,0,1,7
BRDA:13,1,0,2
BRDA:13,1,1,5
BRDA:16,2,0,2
BRDA:16,2,1,3
BRDA:54,3,0,10
BRDA:54,3,1,50
BRDA:62,4,0,8
BRDA:62,4,1,42
BRF:10
BRH:10
end_of_record
TN:
SF:src/components/PropertyCard/PropertyCard.jsx
FN:6,PropertyCard
FNF:1
FNH:1
FNDA:2,PropertyCard
DA:7,2
DA:9,2
DA:33,1
LF:3
LH:3
BRDA:15,0,0,1
BRDA:15,0,1,1
BRF:2
BRH:2
end_of_record
TN:
SF:src/components/PropertyFilters/PropertyFilters.jsx
FN:16,PropertyFilters
FN:19,handleChange
FN:22,(anonymous_2)
FN:28,handleSubmit
FN:33,handleClear
FN:104,(anonymous_5)
FN:122,(anonymous_6)
FNF:7
FNH:7
FNDA:56,PropertyFilters
FNDA:52,handleChange
FNDA:52,(anonymous_2)
FNDA:1,handleSubmit
FNDA:1,handleClear
FNDA:392,(anonymous_5)
FNDA:392,(anonymous_6)
DA:4,1
DA:5,1
DA:7,1
DA:17,56
DA:20,52
DA:22,52
DA:29,1
DA:30,1
DA:34,1
DA:36,1
DA:37,1
DA:40,56
DA:105,392
DA:123,392
LF:14
LH:14
BRDA:106,0,0,56
BRDA:106,0,1,336
BRDA:124,1,0,56
BRDA:124,1,1,336
BRF:4
BRH:4
end_of_record
TN:
SF:src/components/PropertyImageCarousel/PropertyImageCarousel.jsx
FN:4,(anonymous_0)
FN:10,(anonymous_1)
FN:19,(anonymous_2)
FN:37,(anonymous_3)
FNF:4
FNH:1
FNDA:2,(anonymous_0)
FNDA:0,(anonymous_1)
FNDA:0,(anonymous_2)
FNDA:0,(anonymous_3)
DA:4,1
DA:5,2
DA:7,2
DA:8,2
DA:10,2
DA:11,0
DA:12,0
DA:14,0
DA:15,0
DA:16,0
DA:19,2
DA:20,0
DA:21,0
DA:23,0
DA:24,0
DA:25,0
DA:28,2
DA:30,2
DA:38,0
DA:39,0
LF:20
LH:8
BRDA:7,0,0,2
BRDA:7,0,1,2
BRDA:8,1,0,2
BRDA:8,1,1,2
BRDA:15,2,0,0
BRDA:15,2,1,0
BRDA:24,3,0,0
BRDA:24,3,1,0
BRDA:28,4,0,2
BRDA:28,4,1,0
BRDA:43,5,0,2
BRDA:43,5,1,2
BRF:12
BRH:7
end_of_record
TN:
SF:src/utils/parsePhotos.js
FN:1,parsePhotos
FNF:1
FNH:1
FNDA:2,parsePhotos
DA:2,2
DA:3,0
DA:6,2
DA:8,2
DA:9,2
DA:11,2
DA:12,2
DA:15,0
DA:18,2
LF:9
LH:7
BRDA:2,0,0,0
BRDA:2,0,1,2
BRDA:11,1,0,2
BRDA:11,1,1,0
BRF:4
BRH:2
end_of_record
