<?xml version="1.0" encoding="UTF-8"?>
<coverage generated="1788308241309" clover="3.2.0">
  <project timestamp="1788308241309" name="All files">
    <metrics statements="130" coveredstatements="113" conditionals="95" coveredconditionals="90" methods="9" coveredmethods="6" elements="234" coveredelements="209" complexity="0" loc="130" ncloc="130" packages="2" files="3" classes="3"/>
    <package name="backend">
      <metrics statements="23" coveredstatements="20" conditionals="4" coveredconditionals="3" methods="4" coveredmethods="2"/>
      <file name="app.js" path="/Users/seanpark/Documents/IDXPropertySearch/backend/app.js">
        <metrics statements="23" coveredstatements="20" conditionals="4" coveredconditionals="3" methods="4" coveredmethods="2"/>
        <line num="1" count="1" type="stmt"/>
        <line num="2" count="1" type="stmt"/>
        <line num="4" count="1" type="stmt"/>
        <line num="5" count="1" type="stmt"/>
        <line num="7" count="1" type="stmt"/>
        <line num="9" count="1" type="stmt"/>
        <line num="10" count="1" type="stmt"/>
        <line num="13" count="1" type="stmt"/>
        <line num="14" count="30" type="stmt"/>
        <line num="15" count="30" type="stmt"/>
        <line num="17" count="30" type="stmt"/>
        <line num="18" count="30" type="stmt"/>
        <line num="19" count="30" type="stmt"/>
        <line num="22" count="30" type="stmt"/>
        <line num="26" count="1" type="stmt"/>
        <line num="27" count="0" type="stmt"/>
        <line num="31" count="1" type="stmt"/>
        <line num="32" count="1" type="stmt"/>
        <line num="34" count="1" type="cond" truecount="2" falsecount="0"/>
        <line num="36" count="1" type="cond" truecount="1" falsecount="1"/>
        <line num="37" count="0" type="stmt"/>
        <line num="38" count="0" type="stmt"/>
        <line num="42" count="1" type="stmt"/>
      </file>
    </package>
    <package name="backend.routes">
      <metrics statements="107" coveredstatements="93" conditionals="91" coveredconditionals="87" methods="5" coveredmethods="4"/>
      <file name="health.js" path="/Users/seanpark/Documents/IDXPropertySearch/backend/routes/health.js">
        <metrics statements="10" coveredstatements="5" conditionals="0" coveredconditionals="0" methods="1" coveredmethods="0"/>
        <line num="1" count="1" type="stmt"/>
        <line num="2" count="1" type="stmt"/>
        <line num="4" count="1" type="stmt"/>
        <line num="6" count="1" type="stmt"/>
        <line num="7" count="0" type="stmt"/>
        <line num="8" count="0" type="stmt"/>
        <line num="10" count="0" type="stmt"/>
        <line num="15" count="0" type="stmt"/>
        <line num="17" count="0" type="stmt"/>
        <line num="24" count="1" type="stmt"/>
      </file>
      <file name="properties.js" path="/Users/seanpark/Documents/IDXPropertySearch/backend/routes/properties.js">
        <metrics statements="97" coveredstatements="88" conditionals="91" coveredconditionals="87" methods="4" coveredmethods="4"/>
        <line num="1" count="1" type="stmt"/>
        <line num="2" count="1" type="stmt"/>
        <line num="3" count="1" type="stmt"/>
        <line num="6" count="1" type="stmt"/>
        <line num="7" count="21" type="stmt"/>
        <line num="9" count="21" type="cond" truecount="2" falsecount="0"/>
        <line num="10" count="21" type="cond" truecount="2" falsecount="0"/>
        <line num="13" count="21" type="cond" truecount="5" falsecount="0"/>
        <line num="14" count="3" type="stmt"/>
        <line num="19" count="18" type="cond" truecount="4" falsecount="0"/>
        <line num="20" count="2" type="stmt"/>
        <line num="26" count="16" type="stmt"/>
        <line num="29" count="16" type="cond" truecount="3" falsecount="1"/>
        <line num="30" count="0" type="stmt"/>
        <line num="32" count="16" type="cond" truecount="3" falsecount="1"/>
        <line num="33" count="0" type="stmt"/>
        <line num="36" count="16" type="cond" truecount="4" falsecount="0"/>
        <line num="37" count="1" type="stmt"/>
        <line num="42" count="15" type="cond" truecount="4" falsecount="0"/>
        <line num="43" count="1" type="stmt"/>
        <line num="49" count="14" type="cond" truecount="2" falsecount="0"/>
        <line num="51" count="14" type="cond" truecount="5" falsecount="0"/>
        <line num="52" count="1" type="stmt"/>
        <line num="57" count="13" type="cond" truecount="5" falsecount="0"/>
        <line num="58" count="1" type="stmt"/>
        <line num="63" count="12" type="cond" truecount="5" falsecount="0"/>
        <line num="64" count="1" type="stmt"/>
        <line num="69" count="11" type="cond" truecount="5" falsecount="0"/>
        <line num="70" count="1" type="stmt"/>
        <line num="76" count="10" type="stmt"/>
        <line num="77" count="10" type="stmt"/>
        <line num="79" count="10" type="stmt"/>
        <line num="87" count="10" type="cond" truecount="4" falsecount="0"/>
        <line num="88" count="1" type="stmt"/>
        <line num="93" count="9" type="cond" truecount="4" falsecount="0"/>
        <line num="94" count="1" type="stmt"/>
        <line num="100" count="8" type="cond" truecount="2" falsecount="0"/>
        <line num="101" count="8" type="cond" truecount="1" falsecount="1"/>
        <line num="106" count="8" type="stmt"/>
        <line num="107" count="8" type="stmt"/>
        <line num="109" count="8" type="stmt"/>
        <line num="110" count="8" type="stmt"/>
        <line num="113" count="8" type="cond" truecount="2" falsecount="0"/>
        <line num="114" count="1" type="stmt"/>
        <line num="115" count="1" type="stmt"/>
        <line num="118" count="8" type="cond" truecount="2" falsecount="0"/>
        <line num="119" count="1" type="stmt"/>
        <line num="120" count="1" type="stmt"/>
        <line num="123" count="8" type="cond" truecount="2" falsecount="0"/>
        <line num="124" count="1" type="stmt"/>
        <line num="125" count="1" type="stmt"/>
        <line num="128" count="8" type="cond" truecount="2" falsecount="0"/>
        <line num="129" count="1" type="stmt"/>
        <line num="130" count="1" type="stmt"/>
        <line num="133" count="8" type="cond" truecount="2" falsecount="0"/>
        <line num="134" count="1" type="stmt"/>
        <line num="135" count="1" type="stmt"/>
        <line num="138" count="8" type="cond" truecount="2" falsecount="0"/>
        <line num="139" count="1" type="stmt"/>
        <line num="140" count="1" type="stmt"/>
        <line num="144" count="8" type="cond" truecount="2" falsecount="0"/>
        <line num="145" count="6" type="stmt"/>
        <line num="146" count="6" type="stmt"/>
        <line num="147" count="6" type="stmt"/>
        <line num="151" count="8" type="stmt"/>
        <line num="154" count="8" type="stmt"/>
        <line num="155" count="8" type="stmt"/>
        <line num="158" count="8" type="stmt"/>
        <line num="163" count="8" type="stmt"/>
        <line num="165" count="8" type="stmt"/>
        <line num="172" count="0" type="stmt"/>
        <line num="173" count="0" type="stmt"/>
        <line num="178" count="1" type="stmt"/>
        <line num="179" count="3" type="stmt"/>
        <line num="182" count="3" type="cond" truecount="4" falsecount="1"/>
        <line num="183" count="0" type="stmt"/>
        <line num="188" count="3" type="stmt"/>
        <line num="190" count="3" type="stmt"/>
        <line num="195" count="3" type="cond" truecount="2" falsecount="0"/>
        <line num="196" count="1" type="stmt"/>
        <line num="201" count="2" type="stmt"/>
        <line num="204" count="2" type="stmt"/>
        <line num="209" count="2" type="stmt"/>
        <line num="211" count="0" type="stmt"/>
        <line num="212" count="0" type="stmt"/>
        <line num="219" count="1" type="stmt"/>
        <line num="220" count="6" type="stmt"/>
        <line num="222" count="6" type="cond" truecount="5" falsecount="0"/>
        <line num="223" count="4" type="stmt"/>
        <line num="228" count="2" type="stmt"/>
        <line num="229" count="2" type="stmt"/>
        <line num="234" count="2" type="cond" truecount="2" falsecount="0"/>
        <line num="235" count="1" type="stmt"/>
        <line num="240" count="1" type="stmt"/>
        <line num="242" count="0" type="stmt"/>
        <line num="243" count="0" type="stmt"/>
        <line num="249" count="1" type="stmt"/>
      </file>
    </package>
  </project>
</coverage>
