{"/Users/seanpark/Documents/IDXPropertySearch/backend/app.js": {"path":"/Users/seanpark/Documents/IDXPropertySearch/backend/app.js","statementMap":{"0":{"start":{"line":1,"column":16},"end":{"line":1,"column":34}},"1":{"start":{"line":2,"column":13},"end":{"line":2,"column":28}},"2":{"start":{"line":4,"column":20},"end":{"line":4,"column":46}},"3":{"start":{"line":5,"column":24},"end":{"line":5,"column":54}},"4":{"start":{"line":7,"column":12},"end":{"line":7,"column":21}},"5":{"start":{"line":9,"column":0},"end":{"line":9,"column":16}},"6":{"start":{"line":10,"column":0},"end":{"line":10,"column":24}},"7":{"start":{"line":13,"column":0},"end":{"line":23,"column":3}},"8":{"start":{"line":14,"column":22},"end":{"line":14,"column":32}},"9":{"start":{"line":15,"column":22},"end":{"line":15,"column":46}},"10":{"start":{"line":17,"column":4},"end":{"line":20,"column":7}},"11":{"start":{"line":18,"column":29},"end":{"line":18,"column":51}},"12":{"start":{"line":19,"column":8},"end":{"line":19,"column":105}},"13":{"start":{"line":22,"column":4},"end":{"line":22,"column":11}},"14":{"start":{"line":26,"column":0},"end":{"line":28,"column":3}},"15":{"start":{"line":27,"column":2},"end":{"line":27,"column":40}},"16":{"start":{"line":31,"column":0},"end":{"line":31,"column":36}},"17":{"start":{"line":32,"column":0},"end":{"line":32,"column":44}},"18":{"start":{"line":34,"column":13},"end":{"line":34,"column":45}},"19":{"start":{"line":36,"column":0},"end":{"line":40,"column":1}},"20":{"start":{"line":37,"column":2},"end":{"line":39,"column":5}},"21":{"start":{"line":38,"column":4},"end":{"line":38,"column":62}},"22":{"start":{"line":42,"column":0},"end":{"line":42,"column":21}}},"fnMap":{"0":{"name":"(anonymous_0)","decl":{"start":{"line":13,"column":8},"end":{"line":13,"column":9}},"loc":{"start":{"line":13,"column":28},"end":{"line":23,"column":1}},"line":13},"1":{"name":"(anonymous_1)","decl":{"start":{"line":17,"column":21},"end":{"line":17,"column":22}},"loc":{"start":{"line":17,"column":27},"end":{"line":20,"column":5}},"line":17},"2":{"name":"(anonymous_2)","decl":{"start":{"line":26,"column":13},"end":{"line":26,"column":14}},"loc":{"start":{"line":26,"column":27},"end":{"line":28,"column":1}},"line":26},"3":{"name":"(anonymous_3)","decl":{"start":{"line":37,"column":19},"end":{"line":37,"column":20}},"loc":{"start":{"line":37,"column":25},"end":{"line":39,"column":3}},"line":37}},"branchMap":{"0":{"loc":{"start":{"line":34,"column":13},"end":{"line":34,"column":45}},"type":"binary-expr","locations":[{"start":{"line":34,"column":13},"end":{"line":34,"column":37}},{"start":{"line":34,"column":41},"end":{"line":34,"column":45}}],"line":34},"1":{"loc":{"start":{"line":36,"column":0},"end":{"line":40,"column":1}},"type":"if","locations":[{"start":{"line":36,"column":0},"end":{"line":40,"column":1}},{"start":{},"end":{}}],"line":36}},"s":{"0":1,"1":1,"2":1,"3":1,"4":1,"5":1,"6":1,"7":1,"8":30,"9":30,"10":30,"11":30,"12":30,"13":30,"14":1,"15":0,"16":1,"17":1,"18":1,"19":1,"20":0,"21":0,"22":1},"f":{"0":30,"1":30,"2":0,"3":0},"b":{"0":[1,1],"1":[0,1]},"_coverageSchema":"1a1c01bbd47fc00a2c39e90264f33305004495a9","hash":"b32181a94cfd6e0dbe7f4d16f5c0f047bd44d834"}
,"/Users/seanpark/Documents/IDXPropertySearch/backend/routes/health.js": {"path":"/Users/seanpark/Documents/IDXPropertySearch/backend/routes/health.js","statementMap":{"0":{"start":{"line":1,"column":16},"end":{"line":1,"column":34}},"1":{"start":{"line":2,"column":13},"end":{"line":2,"column":29}},"2":{"start":{"line":4,"column":15},"end":{"line":4,"column":31}},"3":{"start":{"line":6,"column":0},"end":{"line":22,"column":3}},"4":{"start":{"line":7,"column":2},"end":{"line":21,"column":3}},"5":{"start":{"line":8,"column":4},"end":{"line":8,"column":33}},"6":{"start":{"line":10,"column":4},"end":{"line":13,"column":7}},"7":{"start":{"line":15,"column":4},"end":{"line":15,"column":66}},"8":{"start":{"line":17,"column":4},"end":{"line":20,"column":7}},"9":{"start":{"line":24,"column":0},"end":{"line":24,"column":24}}},"fnMap":{"0":{"name":"(anonymous_0)","decl":{"start":{"line":6,"column":16},"end":{"line":6,"column":17}},"loc":{"start":{"line":6,"column":36},"end":{"line":22,"column":1}},"line":6}},"branchMap":{},"s":{"0":1,"1":1,"2":1,"3":1,"4":0,"5":0,"6":0,"7":0,"8":0,"9":1},"f":{"0":0},"b":{},"_coverageSchema":"1a1c01bbd47fc00a2c39e90264f33305004495a9","hash":"68a669a1770062a0f173a9396fced8c7cdd99a41"}
,"/Users/seanpark/Documents/IDXPropertySearch/backend/routes/properties.js": {"path":"/Users/seanpark/Documents/IDXPropertySearch/backend/routes/properties.js","statementMap":{"0":{"start":{"line":1,"column":16},"end":{"line":1,"column":34}},"1":{"start":{"line":2,"column":13},"end":{"line":2,"column":29}},"2":{"start":{"line":3,"column":15},"end":{"line":3,"column":31}},"3":{"start":{"line":6,"column":0},"end":{"line":175,"column":3}},"4":{"start":{"line":7,"column":4},"end":{"line":174,"column":5}},"5":{"start":{"line":9,"column":22},"end":{"line":9,"column":82}},"6":{"start":{"line":10,"column":23},"end":{"line":10,"column":84}},"7":{"start":{"line":13,"column":8},"end":{"line":17,"column":9}},"8":{"start":{"line":14,"column":12},"end":{"line":16,"column":15}},"9":{"start":{"line":19,"column":8},"end":{"line":23,"column":9}},"10":{"start":{"line":20,"column":12},"end":{"line":22,"column":15}},"11":{"start":{"line":26,"column":65},"end":{"line":26,"column":74}},"12":{"start":{"line":29,"column":8},"end":{"line":31,"column":9}},"13":{"start":{"line":30,"column":12},"end":{"line":30,"column":89}},"14":{"start":{"line":32,"column":8},"end":{"line":34,"column":9}},"15":{"start":{"line":33,"column":12},"end":{"line":33,"column":92}},"16":{"start":{"line":36,"column":8},"end":{"line":40,"column":9}},"17":{"start":{"line":37,"column":12},"end":{"line":39,"column":15}},"18":{"start":{"line":42,"column":8},"end":{"line":46,"column":9}},"19":{"start":{"line":43,"column":12},"end":{"line":45,"column":15}},"20":{"start":{"line":49,"column":24},"end":{"line":49,"column":73}},"21":{"start":{"line":49,"column":31},"end":{"line":49,"column":73}},"22":{"start":{"line":51,"column":8},"end":{"line":55,"column":9}},"23":{"start":{"line":52,"column":12},"end":{"line":54,"column":15}},"24":{"start":{"line":57,"column":8},"end":{"line":61,"column":9}},"25":{"start":{"line":58,"column":12},"end":{"line":60,"column":15}},"26":{"start":{"line":63,"column":8},"end":{"line":67,"column":9}},"27":{"start":{"line":64,"column":12},"end":{"line":66,"column":15}},"28":{"start":{"line":69,"column":8},"end":{"line":73,"column":9}},"29":{"start":{"line":70,"column":12},"end":{"line":72,"column":15}},"30":{"start":{"line":76,"column":28},"end":{"line":76,"column":44}},"31":{"start":{"line":77,"column":31},"end":{"line":77,"column":50}},"32":{"start":{"line":79,"column":31},"end":{"line":84,"column":9}},"33":{"start":{"line":87,"column":8},"end":{"line":91,"column":9}},"34":{"start":{"line":88,"column":12},"end":{"line":90,"column":15}},"35":{"start":{"line":93,"column":8},"end":{"line":97,"column":9}},"36":{"start":{"line":94,"column":12},"end":{"line":96,"column":15}},"37":{"start":{"line":100,"column":23},"end":{"line":100,"column":58}},"38":{"start":{"line":101,"column":26},"end":{"line":101,"column":87}},"39":{"start":{"line":106,"column":22},"end":{"line":106,"column":51}},"40":{"start":{"line":107,"column":23},"end":{"line":107,"column":68}},"41":{"start":{"line":109,"column":27},"end":{"line":109,"column":29}},"42":{"start":{"line":110,"column":23},"end":{"line":110,"column":25}},"43":{"start":{"line":113,"column":8},"end":{"line":116,"column":9}},"44":{"start":{"line":114,"column":12},"end":{"line":114,"column":42}},"45":{"start":{"line":115,"column":12},"end":{"line":115,"column":37}},"46":{"start":{"line":118,"column":8},"end":{"line":121,"column":9}},"47":{"start":{"line":119,"column":12},"end":{"line":119,"column":41}},"48":{"start":{"line":120,"column":12},"end":{"line":120,"column":33}},"49":{"start":{"line":123,"column":8},"end":{"line":126,"column":9}},"50":{"start":{"line":124,"column":12},"end":{"line":124,"column":50}},"51":{"start":{"line":125,"column":12},"end":{"line":125,"column":42}},"52":{"start":{"line":128,"column":8},"end":{"line":131,"column":9}},"53":{"start":{"line":129,"column":12},"end":{"line":129,"column":50}},"54":{"start":{"line":130,"column":12},"end":{"line":130,"column":42}},"55":{"start":{"line":133,"column":8},"end":{"line":136,"column":9}},"56":{"start":{"line":134,"column":12},"end":{"line":134,"column":46}},"57":{"start":{"line":135,"column":12},"end":{"line":135,"column":38}},"58":{"start":{"line":138,"column":8},"end":{"line":141,"column":9}},"59":{"start":{"line":139,"column":12},"end":{"line":139,"column":44}},"60":{"start":{"line":140,"column":12},"end":{"line":140,"column":39}},"61":{"start":{"line":144,"column":8},"end":{"line":148,"column":9}},"62":{"start":{"line":145,"column":32},"end":{"line":145,"column":68}},"63":{"start":{"line":146,"column":12},"end":{"line":146,"column":35}},"64":{"start":{"line":147,"column":12},"end":{"line":147,"column":36}},"65":{"start":{"line":151,"column":8},"end":{"line":151,"column":62}},"66":{"start":{"line":154,"column":8},"end":{"line":154,"column":39}},"67":{"start":{"line":155,"column":27},"end":{"line":155,"column":53}},"68":{"start":{"line":158,"column":38},"end":{"line":161,"column":10}},"69":{"start":{"line":163,"column":22},"end":{"line":163,"column":40}},"70":{"start":{"line":165,"column":8},"end":{"line":170,"column":11}},"71":{"start":{"line":172,"column":8},"end":{"line":172,"column":67}},"72":{"start":{"line":173,"column":8},"end":{"line":173,"column":70}},"73":{"start":{"line":178,"column":0},"end":{"line":216,"column":3}},"74":{"start":{"line":179,"column":19},"end":{"line":179,"column":29}},"75":{"start":{"line":182,"column":4},"end":{"line":186,"column":5}},"76":{"start":{"line":183,"column":8},"end":{"line":185,"column":11}},"77":{"start":{"line":188,"column":4},"end":{"line":215,"column":5}},"78":{"start":{"line":190,"column":23},"end":{"line":193,"column":9}},"79":{"start":{"line":195,"column":8},"end":{"line":199,"column":9}},"80":{"start":{"line":196,"column":12},"end":{"line":198,"column":15}},"81":{"start":{"line":201,"column":26},"end":{"line":201,"column":45}},"82":{"start":{"line":204,"column":29},"end":{"line":207,"column":9}},"83":{"start":{"line":209,"column":8},"end":{"line":209,"column":29}},"84":{"start":{"line":211,"column":8},"end":{"line":211,"column":58}},"85":{"start":{"line":212,"column":8},"end":{"line":214,"column":11}},"86":{"start":{"line":219,"column":0},"end":{"line":247,"column":3}},"87":{"start":{"line":220,"column":19},"end":{"line":220,"column":29}},"88":{"start":{"line":222,"column":4},"end":{"line":226,"column":5}},"89":{"start":{"line":223,"column":8},"end":{"line":225,"column":11}},"90":{"start":{"line":228,"column":4},"end":{"line":246,"column":5}},"91":{"start":{"line":229,"column":23},"end":{"line":232,"column":9}},"92":{"start":{"line":234,"column":8},"end":{"line":238,"column":9}},"93":{"start":{"line":235,"column":12},"end":{"line":237,"column":15}},"94":{"start":{"line":240,"column":8},"end":{"line":240,"column":26}},"95":{"start":{"line":242,"column":8},"end":{"line":242,"column":61}},"96":{"start":{"line":243,"column":8},"end":{"line":245,"column":11}},"97":{"start":{"line":249,"column":0},"end":{"line":249,"column":24}}},"fnMap":{"0":{"name":"(anonymous_0)","decl":{"start":{"line":6,"column":16},"end":{"line":6,"column":17}},"loc":{"start":{"line":6,"column":36},"end":{"line":175,"column":1}},"line":6},"1":{"name":"(anonymous_1)","decl":{"start":{"line":49,"column":24},"end":{"line":49,"column":25}},"loc":{"start":{"line":49,"column":31},"end":{"line":49,"column":73}},"line":49},"2":{"name":"(anonymous_2)","decl":{"start":{"line":178,"column":30},"end":{"line":178,"column":31}},"loc":{"start":{"line":178,"column":50},"end":{"line":216,"column":1}},"line":178},"3":{"name":"(anonymous_3)","decl":{"start":{"line":219,"column":19},"end":{"line":219,"column":20}},"loc":{"start":{"line":219,"column":39},"end":{"line":247,"column":1}},"line":219}},"branchMap":{"0":{"loc":{"start":{"line":9,"column":22},"end":{"line":9,"column":82}},"type":"cond-expr","locations":[{"start":{"line":9,"column":54},"end":{"line":9,"column":56}},{"start":{"line":9,"column":59},"end":{"line":9,"column":82}}],"line":9},"1":{"loc":{"start":{"line":10,"column":23},"end":{"line":10,"column":84}},"type":"cond-expr","locations":[{"start":{"line":10,"column":56},"end":{"line":10,"column":57}},{"start":{"line":10,"column":60},"end":{"line":10,"column":84}}],"line":10},"2":{"loc":{"start":{"line":13,"column":8},"end":{"line":17,"column":9}},"type":"if","locations":[{"start":{"line":13,"column":8},"end":{"line":17,"column":9}},{"start":{},"end":{}}],"line":13},"3":{"loc":{"start":{"line":13,"column":12},"end":{"line":13,"column":64}},"type":"binary-expr","locations":[{"start":{"line":13,"column":12},"end":{"line":13,"column":36}},{"start":{"line":13,"column":40},"end":{"line":13,"column":49}},{"start":{"line":13,"column":53},"end":{"line":13,"column":64}}],"line":13},"4":{"loc":{"start":{"line":19,"column":8},"end":{"line":23,"column":9}},"type":"if","locations":[{"start":{"line":19,"column":8},"end":{"line":23,"column":9}},{"start":{},"end":{}}],"line":19},"5":{"loc":{"start":{"line":19,"column":12},"end":{"line":19,"column":51}},"type":"binary-expr","locations":[{"start":{"line":19,"column":12},"end":{"line":19,"column":37}},{"start":{"line":19,"column":41},"end":{"line":19,"column":51}}],"line":19},"6":{"loc":{"start":{"line":29,"column":8},"end":{"line":31,"column":9}},"type":"if","locations":[{"start":{"line":29,"column":8},"end":{"line":31,"column":9}},{"start":{},"end":{}}],"line":29},"7":{"loc":{"start":{"line":29,"column":12},"end":{"line":29,"column":58}},"type":"binary-expr","locations":[{"start":{"line":29,"column":12},"end":{"line":29,"column":30}},{"start":{"line":29,"column":34},"end":{"line":29,"column":58}}],"line":29},"8":{"loc":{"start":{"line":32,"column":8},"end":{"line":34,"column":9}},"type":"if","locations":[{"start":{"line":32,"column":8},"end":{"line":34,"column":9}},{"start":{},"end":{}}],"line":32},"9":{"loc":{"start":{"line":32,"column":12},"end":{"line":32,"column":64}},"type":"binary-expr","locations":[{"start":{"line":32,"column":12},"end":{"line":32,"column":33}},{"start":{"line":32,"column":37},"end":{"line":32,"column":64}}],"line":32},"10":{"loc":{"start":{"line":36,"column":8},"end":{"line":40,"column":9}},"type":"if","locations":[{"start":{"line":36,"column":8},"end":{"line":40,"column":9}},{"start":{},"end":{}}],"line":36},"11":{"loc":{"start":{"line":36,"column":12},"end":{"line":36,"column":52}},"type":"binary-expr","locations":[{"start":{"line":36,"column":12},"end":{"line":36,"column":30}},{"start":{"line":36,"column":34},"end":{"line":36,"column":52}}],"line":36},"12":{"loc":{"start":{"line":42,"column":8},"end":{"line":46,"column":9}},"type":"if","locations":[{"start":{"line":42,"column":8},"end":{"line":46,"column":9}},{"start":{},"end":{}}],"line":42},"13":{"loc":{"start":{"line":42,"column":12},"end":{"line":42,"column":58}},"type":"binary-expr","locations":[{"start":{"line":42,"column":12},"end":{"line":42,"column":33}},{"start":{"line":42,"column":37},"end":{"line":42,"column":58}}],"line":42},"14":{"loc":{"start":{"line":49,"column":31},"end":{"line":49,"column":73}},"type":"binary-expr","locations":[{"start":{"line":49,"column":31},"end":{"line":49,"column":46}},{"start":{"line":49,"column":50},"end":{"line":49,"column":73}}],"line":49},"15":{"loc":{"start":{"line":51,"column":8},"end":{"line":55,"column":9}},"type":"if","locations":[{"start":{"line":51,"column":8},"end":{"line":55,"column":9}},{"start":{},"end":{}}],"line":51},"16":{"loc":{"start":{"line":51,"column":12},"end":{"line":51,"column":91}},"type":"binary-expr","locations":[{"start":{"line":51,"column":12},"end":{"line":51,"column":34}},{"start":{"line":51,"column":39},"end":{"line":51,"column":56}},{"start":{"line":51,"column":60},"end":{"line":51,"column":90}}],"line":51},"17":{"loc":{"start":{"line":57,"column":8},"end":{"line":61,"column":9}},"type":"if","locations":[{"start":{"line":57,"column":8},"end":{"line":61,"column":9}},{"start":{},"end":{}}],"line":57},"18":{"loc":{"start":{"line":57,"column":12},"end":{"line":57,"column":91}},"type":"binary-expr","locations":[{"start":{"line":57,"column":12},"end":{"line":57,"column":34}},{"start":{"line":57,"column":39},"end":{"line":57,"column":56}},{"start":{"line":57,"column":60},"end":{"line":57,"column":90}}],"line":57},"19":{"loc":{"start":{"line":63,"column":8},"end":{"line":67,"column":9}},"type":"if","locations":[{"start":{"line":63,"column":8},"end":{"line":67,"column":9}},{"start":{},"end":{}}],"line":63},"20":{"loc":{"start":{"line":63,"column":12},"end":{"line":63,"column":79}},"type":"binary-expr","locations":[{"start":{"line":63,"column":12},"end":{"line":63,"column":30}},{"start":{"line":63,"column":35},"end":{"line":63,"column":48}},{"start":{"line":63,"column":52},"end":{"line":63,"column":78}}],"line":63},"21":{"loc":{"start":{"line":69,"column":8},"end":{"line":73,"column":9}},"type":"if","locations":[{"start":{"line":69,"column":8},"end":{"line":73,"column":9}},{"start":{},"end":{}}],"line":69},"22":{"loc":{"start":{"line":69,"column":12},"end":{"line":69,"column":82}},"type":"binary-expr","locations":[{"start":{"line":69,"column":12},"end":{"line":69,"column":31}},{"start":{"line":69,"column":36},"end":{"line":69,"column":50}},{"start":{"line":69,"column":54},"end":{"line":69,"column":81}}],"line":69},"23":{"loc":{"start":{"line":87,"column":8},"end":{"line":91,"column":9}},"type":"if","locations":[{"start":{"line":87,"column":8},"end":{"line":91,"column":9}},{"start":{},"end":{}}],"line":87},"24":{"loc":{"start":{"line":87,"column":12},"end":{"line":87,"column":69}},"type":"binary-expr","locations":[{"start":{"line":87,"column":12},"end":{"line":87,"column":37}},{"start":{"line":87,"column":41},"end":{"line":87,"column":69}}],"line":87},"25":{"loc":{"start":{"line":93,"column":8},"end":{"line":97,"column":9}},"type":"if","locations":[{"start":{"line":93,"column":8},"end":{"line":97,"column":9}},{"start":{},"end":{}}],"line":93},"26":{"loc":{"start":{"line":93,"column":12},"end":{"line":93,"column":107}},"type":"binary-expr","locations":[{"start":{"line":93,"column":12},"end":{"line":93,"column":40}},{"start":{"line":93,"column":44},"end":{"line":93,"column":107}}],"line":93},"27":{"loc":{"start":{"line":100,"column":23},"end":{"line":100,"column":58}},"type":"binary-expr","locations":[{"start":{"line":100,"column":23},"end":{"line":100,"column":50}},{"start":{"line":100,"column":54},"end":{"line":100,"column":58}}],"line":100},"28":{"loc":{"start":{"line":101,"column":26},"end":{"line":101,"column":87}},"type":"cond-expr","locations":[{"start":{"line":101,"column":43},"end":{"line":101,"column":79}},{"start":{"line":101,"column":82},"end":{"line":101,"column":87}}],"line":101},"29":{"loc":{"start":{"line":113,"column":8},"end":{"line":116,"column":9}},"type":"if","locations":[{"start":{"line":113,"column":8},"end":{"line":116,"column":9}},{"start":{},"end":{}}],"line":113},"30":{"loc":{"start":{"line":118,"column":8},"end":{"line":121,"column":9}},"type":"if","locations":[{"start":{"line":118,"column":8},"end":{"line":121,"column":9}},{"start":{},"end":{}}],"line":118},"31":{"loc":{"start":{"line":123,"column":8},"end":{"line":126,"column":9}},"type":"if","locations":[{"start":{"line":123,"column":8},"end":{"line":126,"column":9}},{"start":{},"end":{}}],"line":123},"32":{"loc":{"start":{"line":128,"column":8},"end":{"line":131,"column":9}},"type":"if","locations":[{"start":{"line":128,"column":8},"end":{"line":131,"column":9}},{"start":{},"end":{}}],"line":128},"33":{"loc":{"start":{"line":133,"column":8},"end":{"line":136,"column":9}},"type":"if","locations":[{"start":{"line":133,"column":8},"end":{"line":136,"column":9}},{"start":{},"end":{}}],"line":133},"34":{"loc":{"start":{"line":138,"column":8},"end":{"line":141,"column":9}},"type":"if","locations":[{"start":{"line":138,"column":8},"end":{"line":141,"column":9}},{"start":{},"end":{}}],"line":138},"35":{"loc":{"start":{"line":144,"column":8},"end":{"line":148,"column":9}},"type":"if","locations":[{"start":{"line":144,"column":8},"end":{"line":148,"column":9}},{"start":{},"end":{}}],"line":144},"36":{"loc":{"start":{"line":182,"column":4},"end":{"line":186,"column":5}},"type":"if","locations":[{"start":{"line":182,"column":4},"end":{"line":186,"column":5}},{"start":{},"end":{}}],"line":182},"37":{"loc":{"start":{"line":182,"column":8},"end":{"line":182,"column":83}},"type":"binary-expr","locations":[{"start":{"line":182,"column":8},"end":{"line":182,"column":37}},{"start":{"line":182,"column":41},"end":{"line":182,"column":56}},{"start":{"line":182,"column":60},"end":{"line":182,"column":83}}],"line":182},"38":{"loc":{"start":{"line":195,"column":8},"end":{"line":199,"column":9}},"type":"if","locations":[{"start":{"line":195,"column":8},"end":{"line":199,"column":9}},{"start":{},"end":{}}],"line":195},"39":{"loc":{"start":{"line":222,"column":4},"end":{"line":226,"column":5}},"type":"if","locations":[{"start":{"line":222,"column":4},"end":{"line":226,"column":5}},{"start":{},"end":{}}],"line":222},"40":{"loc":{"start":{"line":222,"column":8},"end":{"line":222,"column":83}},"type":"binary-expr","locations":[{"start":{"line":222,"column":8},"end":{"line":222,"column":37}},{"start":{"line":222,"column":41},"end":{"line":222,"column":56}},{"start":{"line":222,"column":60},"end":{"line":222,"column":83}}],"line":222},"41":{"loc":{"start":{"line":234,"column":8},"end":{"line":238,"column":9}},"type":"if","locations":[{"start":{"line":234,"column":8},"end":{"line":238,"column":9}},{"start":{},"end":{}}],"line":234}},"s":{"0":1,"1":1,"2":1,"3":1,"4":21,"5":21,"6":21,"7":21,"8":3,"9":18,"10":2,"11":16,"12":16,"13":0,"14":16,"15":0,"16":16,"17":1,"18":15,"19":1,"20":14,"21":8,"22":14,"23":1,"24":13,"25":1,"26":12,"27":1,"28":11,"29":1,"30":10,"31":10,"32":10,"33":10,"34":1,"35":9,"36":1,"37":8,"38":8,"39":8,"40":8,"41":8,"42":8,"43":8,"44":1,"45":1,"46":8,"47":1,"48":1,"49":8,"50":1,"51":1,"52":8,"53":1,"54":1,"55":8,"56":1,"57":1,"58":8,"59":1,"60":1,"61":8,"62":6,"63":6,"64":6,"65":8,"66":8,"67":8,"68":8,"69":8,"70":8,"71":0,"72":0,"73":1,"74":3,"75":3,"76":0,"77":3,"78":3,"79":3,"80":1,"81":2,"82":2,"83":2,"84":0,"85":0,"86":1,"87":6,"88":6,"89":4,"90":2,"91":2,"92":2,"93":1,"94":1,"95":0,"96":0,"97":1},"f":{"0":21,"1":8,"2":3,"3":6},"b":{"0":[17,4],"1":[18,3],"2":[3,18],"3":[21,20,19],"4":[2,16],"5":[18,17],"6":[0,16],"7":[16,2],"8":[0,16],"9":[16,2],"10":[1,15],"11":[16,2],"12":[1,14],"13":[15,2],"14":[8,8],"15":[1,13],"16":[14,2,2],"17":[1,12],"18":[13,2,2],"19":[1,11],"20":[12,2,2],"21":[1,10],"22":[11,2,2],"23":[1,9],"24":[10,1],"25":[1,8],"26":[9,1],"27":[8,8],"28":[0,8],"29":[1,7],"30":[1,7],"31":[1,7],"32":[1,7],"33":[1,7],"34":[1,7],"35":[6,2],"36":[0,3],"37":[3,3,3],"38":[1,2],"39":[4,2],"40":[6,5,3],"41":[1,1]},"_coverageSchema":"1a1c01bbd47fc00a2c39e90264f33305004495a9","hash":"5ad137b2f81be75f9431b4b8c952729fd36d70f8"}
}
