TN:
SF:app.js
FN:13,(anonymous_0)
FN:17,(anonymous_1)
FN:26,(anonymous_2)
FN:37,(anonymous_3)
FNF:4
FNH:2
FNDA:30,(anonymous_0)
FNDA:30,(anonymous_1)
FNDA:0,(anonymous_2)
FNDA:0,(anonymous_3)
DA:1,1
DA:2,1
DA:4,1
DA:5,1
DA:7,1
DA:9,1
DA:10,1
DA:13,1
DA:14,30
DA:15,30
DA:17,30
DA:18,30
DA:19,30
DA:22,30
DA:26,1
DA:27,0
DA:31,1
DA:32,1
DA:34,1
DA:36,1
DA:37,0
DA:38,0
DA:42,1
LF:23
LH:20
BRDA:34,0,0,1
BRDA:34,0,1,1
BRDA:36,1,0,0
BRDA:36,1,1,1
BRF:4
BRH:3
end_of_record
TN:
SF:routes/health.js
FN:6,(anonymous_0)
FNF:1
FNH:0
FNDA:0,(anonymous_0)
DA:1,1
DA:2,1
DA:4,1
DA:6,1
DA:7,0
DA:8,0
DA:10,0
DA:15,0
DA:17,0
DA:24,1
LF:10
LH:5
BRF:0
BRH:0
end_of_record
TN:
SF:routes/properties.js
FN:6,(anonymous_0)
FN:49,(anonymous_1)
FN:178,(anonymous_2)
FN:219,(anonymous_3)
FNF:4
FNH:4
FNDA:21,(anonymous_0)
FNDA:8,(anonymous_1)
FNDA:3,(anonymous_2)
FNDA:6,(anonymous_3)
DA:1,1
DA:2,1
DA:3,1
DA:6,1
DA:7,21
DA:9,21
DA:10,21
DA:13,21
DA:14,3
DA:19,18
DA:20,2
DA:26,16
DA:29,16
DA:30,0
DA:32,16
DA:33,0
DA:36,16
DA:37,1
DA:42,15
DA:43,1
DA:49,14
DA:51,14
DA:52,1
DA:57,13
DA:58,1
DA:63,12
DA:64,1
DA:69,11
DA:70,1
DA:76,10
DA:77,10
DA:79,10
DA:87,10
DA:88,1
DA:93,9
DA:94,1
DA:100,8
DA:101,8
DA:106,8
DA:107,8
DA:109,8
DA:110,8
DA:113,8
DA:114,1
DA:115,1
DA:118,8
DA:119,1
DA:120,1
DA:123,8
DA:124,1
DA:125,1
DA:128,8
DA:129,1
DA:130,1
DA:133,8
DA:134,1
DA:135,1
DA:138,8
DA:139,1
DA:140,1
DA:144,8
DA:145,6
DA:146,6
DA:147,6
DA:151,8
DA:154,8
DA:155,8
DA:158,8
DA:163,8
DA:165,8
DA:172,0
DA:173,0
DA:178,1
DA:179,3
DA:182,3
DA:183,0
DA:188,3
DA:190,3
DA:195,3
DA:196,1
DA:201,2
DA:204,2
DA:209,2
DA:211,0
DA:212,0
DA:219,1
DA:220,6
DA:222,6
DA:223,4
DA:228,2
DA:229,2
DA:234,2
DA:235,1
DA:240,1
DA:242,0
DA:243,0
DA:249,1
LF:97
LH:88
BRDA:9,0,0,17
BRDA:9,0,1,4
BRDA:10,1,0,18
BRDA:10,1,1,3
BRDA:13,2,0,3
BRDA:13,2,1,18
BRDA:13,3,0,21
BRDA:13,3,1,20
BRDA:13,3,2,19
BRDA:19,4,0,2
BRDA:19,4,1,16
BRDA:19,5,0,18
BRDA:19,5,1,17
BRDA:29,6,0,0
BRDA:29,6,1,16
BRDA:29,7,0,16
BRDA:29,7,1,2
BRDA:32,8,0,0
BRDA:32,8,1,16
BRDA:32,9,0,16
BRDA:32,9,1,2
BRDA:36,10,0,1
BRDA:36,10,1,15
BRDA:36,11,0,16
BRDA:36,11,1,2
BRDA:42,12,0,1
BRDA:42,12,1,14
BRDA:42,13,0,15
BRDA:42,13,1,2
BRDA:49,14,0,8
BRDA:49,14,1,8
BRDA:51,15,0,1
BRDA:51,15,1,13
BRDA:51,16,0,14
BRDA:51,16,1,2
BRDA:51,16,2,2
BRDA:57,17,0,1
BRDA:57,17,1,12
BRDA:57,18,0,13
BRDA:57,18,1,2
BRDA:57,18,2,2
BRDA:63,19,0,1
BRDA:63,19,1,11
BRDA:63,20,0,12
BRDA:63,20,1,2
BRDA:63,20,2,2
BRDA:69,21,0,1
BRDA:69,21,1,10
BRDA:69,22,0,11
BRDA:69,22,1,2
BRDA:69,22,2,2
BRDA:87,23,0,1
BRDA:87,23,1,9
BRDA:87,24,0,10
BRDA:87,24,1,1
BRDA:93,25,0,1
BRDA:93,25,1,8
BRDA:93,26,0,9
BRDA:93,26,1,1
BRDA:100,27,0,8
BRDA:100,27,1,8
BRDA:101,28,0,0
BRDA:101,28,1,8
BRDA:113,29,0,1
BRDA:113,29,1,7
BRDA:118,30,0,1
BRDA:118,30,1,7
BRDA:123,31,0,1
BRDA:123,31,1,7
BRDA:128,32,0,1
BRDA:128,32,1,7
BRDA:133,33,0,1
BRDA:133,33,1,7
BRDA:138,34,0,1
BRDA:138,34,1,7
BRDA:144,35,0,6
BRDA:144,35,1,2
BRDA:182,36,0,0
BRDA:182,36,1,3
BRDA:182,37,0,3
BRDA:182,37,1,3
BRDA:182,37,2,3
BRDA:195,38,0,1
BRDA:195,38,1,2
BRDA:222,39,0,4
BRDA:222,39,1,2
BRDA:222,40,0,6
BRDA:222,40,1,5
BRDA:222,40,2,3
BRDA:234,41,0,1
BRDA:234,41,1,1
BRF:91
BRH:87
end_of_record
